<?xml version="1.0" encoding="UTF-8"?>
<!-- Generated by org.testng.reporters.JUnitReportReporter -->
<testsuite skipped="0" hostname="49f14fa09175" name="com.searchModule.tests.SearchTest" tests="1" failures="0" timestamp="2019-11-04T21:22:02 GMT" time="3.604" errors="0">
  <testcase name="search" time="3.604" classname="com.searchModule.tests.SearchTest"/>
</testsuite> <!-- com.searchModule.tests.SearchTest -->
